{"name":"loginTest","id":"com.tests.Test_Login:loginTest","testCaseName":"com.tests.Test_Login","testSteps":[{"number":1,"description":"Login: Test11147@gmail.com, Testtest","duration":4410,"startTime":1588163849743,"screenshots":[{"screenshot":"066f879ce9f6f473902ede0c2d8dbc66d22a8cdaa2a53f41e1f5fdf0c4ae9cf6.png"},{"screenshot":"a383c395b4ca07530a2b6e39effc0a23831425eba5a4f643d4e4d030f5424f23.png"}],"result":"SUCCESS","precondition":false},{"number":2,"description":"Verify user on account page","duration":732,"startTime":1588163854154,"screenshots":[{"screenshot":"a383c395b4ca07530a2b6e39effc0a23831425eba5a4f643d4e4d030f5424f23.png","htmlSource":"pagesource4665751458896148634.html.txt"}],"exception":{"errorType":"org.junit.ComparisonFailure","message":"account creation failed expected:\u003c[My account] - My Store\u003e but was:\u003c[Login] - My Store\u003e","stackTrace":[{"declaringClass":"com.steps.CreateAccountSteps","methodName":"verifyUserOnAccountPage","fileName":"CreateAccountSteps.java","lineNumber":52},{"declaringClass":"com.tests.Test_Login","methodName":"loginTest","fileName":"Test_Login.java","lineNumber":33}]},"result":"FAILURE","precondition":false}],"userStory":{"id":"com.tests.Test_Login","storyName":"Test  login","storyClassName":"com.tests.Test_Login","path":"com.tests","type":"story"},"featureTag":{"name":"Tests/Test  login","type":"story"},"title":"Login test","tags":[{"name":"Tests/Test  login","type":"story"}],"startTime":1588163841700,"duration":13193,"testFailureCause":{"errorType":"java.lang.AssertionError","message":"account creation failed expected:\u003c[My account] - My Store\u003e but was:\u003c[Login] - My Store\u003e","stackTrace":[{"declaringClass":"com.steps.CreateAccountSteps","methodName":"verifyUserOnAccountPage","fileName":"CreateAccountSteps.java","lineNumber":52},{"declaringClass":"com.tests.Test_Login","methodName":"loginTest","fileName":"Test_Login.java","lineNumber":33}]},"testFailureClassname":"java.lang.AssertionError","testFailureMessage":"account creation failed expected:\u003c[My account] - My Store\u003e but was:\u003c[Login] - My Store\u003e","testFailureSummary":"FAILURE;java.lang.AssertionError;account creation failed expected:\u003c[My account] - My Store\u003e but was:\u003c[Login] - My Store\u003e;CreateAccountSteps.java","projectKey":"","annotatedResult":"FAILURE","sessionId":"2330352a39efc3099ce9fc5087b32e58","driver":"chrome","manual":false,"testSource":"JUnit","result":"FAILURE"}